c:\users\jared\projects\d3d_nbody\visual_studio\debug\vc120.pdb
c:\users\jared\projects\d3d_nbody\visual_studio\debug\vc120.idb
c:\users\jared\projects\d3d_nbody\visual_studio\debug\camera3d.obj
c:\users\jared\projects\d3d_nbody\visual_studio\debug\console.obj
c:\users\jared\projects\d3d_nbody\visual_studio\debug\debugconsolehost.obj
c:\users\jared\projects\d3d_nbody\visual_studio\debug\debuglayer.obj
c:\users\jared\projects\d3d_nbody\visual_studio\debug\inputcontroller.obj
c:\users\jared\projects\d3d_nbody\visual_studio\debug\main.obj
c:\users\jared\projects\d3d_nbody\visual_studio\debug\nbodysim.obj
c:\users\jared\projects\d3d_nbody\visual_studio\debug\renderer.obj
c:\users\jared\projects\d3d_nbody\visual_studio\debug\textconsole.obj
c:\users\jared\projects\d3d_nbody\visual_studio\debug\timer.obj
c:\users\jared\projects\d3d_nbody\visual_studio\$\bin\(configuration)\d3d_nbody.ilk
c:\users\jared\projects\d3d_nbody\visual_studio\$\bin\(configuration)\d3d_nbody.exe
c:\users\jared\projects\d3d_nbody\visual_studio\$\bin\(configuration)\d3d_nbody.pdb
c:\users\jared\projects\d3d_nbody\visual_studio\debug\d3d_nbody.tlog\cl.command.1.tlog
c:\users\jared\projects\d3d_nbody\visual_studio\debug\d3d_nbody.tlog\cl.read.1.tlog
c:\users\jared\projects\d3d_nbody\visual_studio\debug\d3d_nbody.tlog\cl.write.1.tlog
c:\users\jared\projects\d3d_nbody\visual_studio\debug\d3d_nbody.tlog\link.command.1.tlog
c:\users\jared\projects\d3d_nbody\visual_studio\debug\d3d_nbody.tlog\link.read.1.tlog
c:\users\jared\projects\d3d_nbody\visual_studio\debug\d3d_nbody.tlog\link.write.1.tlog
