Build started 12/17/2014 9:17:56 PM.
     1>Project "C:\Users\Jared\projects\d3d_nbody\visual_studio\d3d_nbody.vcxproj" on node 2 (Rebuild target(s)).
     1>C:\Program Files (x86)\MSBuild\Microsoft.Cpp\v4.0\V120\Microsoft.CppBuild.targets(364,5): warning MSB8004: Output Directory does not end with a trailing slash.  This build instance will add the slash as it is required to allow proper evaluation of the Output Directory.
     1>ClCompile:
         C:\Program Files (x86)\Microsoft Visual Studio 12.0\VC\bin\CL.exe /c /ZI /nologo /W3 /WX- /sdl /Od /Oy- /D _MBCS /Gm /EHsc /RTC1 /MDd /GS /fp:precise /Zc:wchar_t /Zc:forScope /Fo"Debug\\" /Fd"Debug\vc120.pdb" /Gd /TP /analyze- /errorReport:prompt ..\src\Camera3D.cpp ..\src\Console.cpp ..\src\DebugConsoleHost.cpp ..\src\DebugLayer.cpp ..\src\InputController.cpp ..\src\main.cpp ..\src\NBodySim.cpp ..\src\Renderer.cpp ..\src\TextConsole.cpp ..\src\Timer.cpp
         Timer.cpp
         TextConsole.cpp
         Renderer.cpp
     1>c:\users\jared\projects\d3d_nbody\inc\common_include.h(48): warning C4018: '<' : signed/unsigned mismatch
     1>c:\users\jared\projects\d3d_nbody\src\renderer.cpp(206): warning C4244: '=' : conversion from 'int' to 'FLOAT', possible loss of data
     1>c:\users\jared\projects\d3d_nbody\src\renderer.cpp(207): warning C4244: '=' : conversion from 'int' to 'FLOAT', possible loss of data
         NBodySim.cpp
     1>c:\users\jared\projects\d3d_nbody\inc\common_include.h(48): warning C4018: '<' : signed/unsigned mismatch
     1>c:\users\jared\projects\d3d_nbody\src\nbodysim.cpp(27): warning C4244: 'argument' : conversion from 'int' to 'float', possible loss of data
     1>c:\users\jared\projects\d3d_nbody\src\nbodysim.cpp(191): warning C4244: '=' : conversion from 'double' to 'float', possible loss of data
         main.cpp
     1>c:\users\jared\projects\d3d_nbody\inc\common_include.h(48): warning C4018: '<' : signed/unsigned mismatch
         InputController.cpp
     1>c:\users\jared\projects\d3d_nbody\inc\common_include.h(48): warning C4018: '<' : signed/unsigned mismatch
     1>c:\users\jared\projects\d3d_nbody\src\inputcontroller.cpp(165): warning C4244: 'argument' : conversion from 'int' to 'float', possible loss of data
     1>c:\users\jared\projects\d3d_nbody\src\inputcontroller.cpp(193): warning C4244: 'initializing' : conversion from 'double' to 'float', possible loss of data
         DebugLayer.cpp
     1>c:\users\jared\projects\d3d_nbody\inc\common_include.h(48): warning C4018: '<' : signed/unsigned mismatch
     1>c:\users\jared\projects\d3d_nbody\src\debuglayer.cpp(180): warning C4244: 'argument' : conversion from 'int' to 'float', possible loss of data
         DebugConsoleHost.cpp
         Console.cpp
     1>c:\users\jared\projects\d3d_nbody\inc\common_include.h(48): warning C4018: '<' : signed/unsigned mismatch
     1>c:\users\jared\projects\d3d_nbody\src\console.cpp(170): warning C4244: '=' : conversion from 'double' to 'LONG', possible loss of data
     1>c:\users\jared\projects\d3d_nbody\src\console.cpp(171): warning C4244: '=' : conversion from 'double' to 'LONG', possible loss of data
     1>c:\users\jared\projects\d3d_nbody\src\console.cpp(172): warning C4244: '=' : conversion from 'double' to 'LONG', possible loss of data
     1>c:\users\jared\projects\d3d_nbody\src\console.cpp(173): warning C4244: '=' : conversion from 'double' to 'LONG', possible loss of data
         Camera3D.cpp
         Generating Code...
     1>c:\users\jared\projects\d3d_nbody\src\renderer.cpp(429): warning C4715: 'NBody::Renderer::GetInvTransform' : not all control paths return a value
     1>c:\users\jared\projects\d3d_nbody\src\renderer.cpp(726): warning C4715: 'NBody::Renderer::GetTransform' : not all control paths return a value
       Link:
         C:\Program Files (x86)\Microsoft Visual Studio 12.0\VC\bin\link.exe /ERRORREPORT:PROMPT /OUT:"C:\Users\Jared\projects\d3d_nbody\visual_studio\\bin\(Configuration)$\d3d_nbody.exe" /INCREMENTAL /NOLOGO dxgi.lib d3d11.lib DirectXTK_Debug.lib d3dcompiler.lib kernel32.lib user32.lib gdi32.lib winspool.lib comdlg32.lib advapi32.lib shell32.lib ole32.lib oleaut32.lib uuid.lib odbc32.lib odbccp32.lib /MANIFEST /MANIFESTUAC:"level='asInvoker' uiAccess='false'" /manifest:embed /DEBUG /PDB:"C:\Users\Jared\projects\d3d_nbody\visual_studio\\bin\(Configuration)$\d3d_nbody.pdb" /TLBID:1 /DYNAMICBASE /NXCOMPAT /IMPLIB:"C:\Users\Jared\projects\d3d_nbody\visual_studio\\bin\(Configuration)$\d3d_nbody.lib" /MACHINE:X86 Debug\Camera3D.obj
         Debug\Console.obj
         Debug\DebugConsoleHost.obj
         Debug\DebugLayer.obj
         Debug\InputController.obj
         Debug\main.obj
         Debug\NBodySim.obj
         Debug\Renderer.obj
         Debug\TextConsole.obj
         Debug\Timer.obj
         d3d_nbody.vcxproj -> C:\Users\Jared\projects\d3d_nbody\visual_studio\\bin\(Configuration)$\d3d_nbody.exe
     1>Done Building Project "C:\Users\Jared\projects\d3d_nbody\visual_studio\d3d_nbody.vcxproj" (Rebuild target(s)).

Build succeeded.

Time Elapsed 00:00:15.28
