C:\USERS\JARED\DOCUMENTS\VISUAL STUDIO 2012\PROJECTS\DIRECTXTK\BIN\DESKTOP_2012\WIN32\DEBUG\DIRECTXTK_DEBUG.PCH
C:\USERS\JARED\DOCUMENTS\VISUAL STUDIO 2012\PROJECTS\DIRECTXTK\BIN\DESKTOP_2012\WIN32\DEBUG\PCH.OBJ
C:\USERS\JARED\DOCUMENTS\VISUAL STUDIO 2012\PROJECTS\DIRECTXTK\BIN\DESKTOP_2012\WIN32\DEBUG\DIRECTXTK_DEBUG.PDB
C:\USERS\JARED\DOCUMENTS\VISUAL STUDIO 2012\PROJECTS\DIRECTXTK\BIN\DESKTOP_2012\WIN32\DEBUG\ALPHATESTEFFECT.OBJ
C:\USERS\JARED\DOCUMENTS\VISUAL STUDIO 2012\PROJECTS\DIRECTXTK\BIN\DESKTOP_2012\WIN32\DEBUG\BASICEFFECT.OBJ
C:\USERS\JARED\DOCUMENTS\VISUAL STUDIO 2012\PROJECTS\DIRECTXTK\BIN\DESKTOP_2012\WIN32\DEBUG\COMMONSTATES.OBJ
C:\USERS\JARED\DOCUMENTS\VISUAL STUDIO 2012\PROJECTS\DIRECTXTK\BIN\DESKTOP_2012\WIN32\DEBUG\DDSTEXTURELOADER.OBJ
C:\USERS\JARED\DOCUMENTS\VISUAL STUDIO 2012\PROJECTS\DIRECTXTK\BIN\DESKTOP_2012\WIN32\DEBUG\DUALTEXTUREEFFECT.OBJ
C:\USERS\JARED\DOCUMENTS\VISUAL STUDIO 2012\PROJECTS\DIRECTXTK\BIN\DESKTOP_2012\WIN32\DEBUG\BINARYREADER.OBJ
C:\USERS\JARED\DOCUMENTS\VISUAL STUDIO 2012\PROJECTS\DIRECTXTK\BIN\DESKTOP_2012\WIN32\DEBUG\EFFECTCOMMON.OBJ
C:\USERS\JARED\DOCUMENTS\VISUAL STUDIO 2012\PROJECTS\DIRECTXTK\BIN\DESKTOP_2012\WIN32\DEBUG\EFFECTFACTORY.OBJ
C:\USERS\JARED\DOCUMENTS\VISUAL STUDIO 2012\PROJECTS\DIRECTXTK\BIN\DESKTOP_2012\WIN32\DEBUG\ENVIRONMENTMAPEFFECT.OBJ
C:\USERS\JARED\DOCUMENTS\VISUAL STUDIO 2012\PROJECTS\DIRECTXTK\BIN\DESKTOP_2012\WIN32\DEBUG\GEOMETRICPRIMITIVE.OBJ
C:\USERS\JARED\DOCUMENTS\VISUAL STUDIO 2012\PROJECTS\DIRECTXTK\BIN\DESKTOP_2012\WIN32\DEBUG\MODEL.OBJ
C:\USERS\JARED\DOCUMENTS\VISUAL STUDIO 2012\PROJECTS\DIRECTXTK\BIN\DESKTOP_2012\WIN32\DEBUG\MODELLOADCMO.OBJ
C:\USERS\JARED\DOCUMENTS\VISUAL STUDIO 2012\PROJECTS\DIRECTXTK\BIN\DESKTOP_2012\WIN32\DEBUG\MODELLOADSDKMESH.OBJ
C:\USERS\JARED\DOCUMENTS\VISUAL STUDIO 2012\PROJECTS\DIRECTXTK\BIN\DESKTOP_2012\WIN32\DEBUG\SCREENGRAB.OBJ
C:\USERS\JARED\DOCUMENTS\VISUAL STUDIO 2012\PROJECTS\DIRECTXTK\BIN\DESKTOP_2012\WIN32\DEBUG\SKINNEDEFFECT.OBJ
C:\USERS\JARED\DOCUMENTS\VISUAL STUDIO 2012\PROJECTS\DIRECTXTK\BIN\DESKTOP_2012\WIN32\DEBUG\SPRITEBATCH.OBJ
C:\USERS\JARED\DOCUMENTS\VISUAL STUDIO 2012\PROJECTS\DIRECTXTK\BIN\DESKTOP_2012\WIN32\DEBUG\PRIMITIVEBATCH.OBJ
C:\USERS\JARED\DOCUMENTS\VISUAL STUDIO 2012\PROJECTS\DIRECTXTK\BIN\DESKTOP_2012\WIN32\DEBUG\SPRITEFONT.OBJ
C:\USERS\JARED\DOCUMENTS\VISUAL STUDIO 2012\PROJECTS\DIRECTXTK\BIN\DESKTOP_2012\WIN32\DEBUG\VERTEXTYPES.OBJ
C:\USERS\JARED\DOCUMENTS\VISUAL STUDIO 2012\PROJECTS\DIRECTXTK\BIN\DESKTOP_2012\WIN32\DEBUG\WICTEXTURELOADER.OBJ
C:\USERS\JARED\DOCUMENTS\VISUAL STUDIO 2012\PROJECTS\DIRECTXTK\BIN\DESKTOP_2012\WIN32\DEBUG\DIRECTXTK_DEBUG.LIB
C:\Users\Jared\Documents\Visual Studio 2012\Projects\DirectXTK\Bin\Desktop_2012\Win32\Debug\AlphaTestEffect.obj
C:\Users\Jared\Documents\Visual Studio 2012\Projects\DirectXTK\Bin\Desktop_2012\Win32\Debug\BasicEffect.obj
C:\Users\Jared\Documents\Visual Studio 2012\Projects\DirectXTK\Bin\Desktop_2012\Win32\Debug\BinaryReader.obj
C:\Users\Jared\Documents\Visual Studio 2012\Projects\DirectXTK\Bin\Desktop_2012\Win32\Debug\CommonStates.obj
C:\Users\Jared\Documents\Visual Studio 2012\Projects\DirectXTK\Bin\Desktop_2012\Win32\Debug\DDSTextureLoader.obj
C:\Users\Jared\Documents\Visual Studio 2012\Projects\DirectXTK\Bin\Desktop_2012\Win32\Debug\DualTextureEffect.obj
C:\Users\Jared\Documents\Visual Studio 2012\Projects\DirectXTK\Bin\Desktop_2012\Win32\Debug\EffectCommon.obj
C:\Users\Jared\Documents\Visual Studio 2012\Projects\DirectXTK\Bin\Desktop_2012\Win32\Debug\EffectFactory.obj
C:\Users\Jared\Documents\Visual Studio 2012\Projects\DirectXTK\Bin\Desktop_2012\Win32\Debug\EnvironmentMapEffect.obj
C:\Users\Jared\Documents\Visual Studio 2012\Projects\DirectXTK\Bin\Desktop_2012\Win32\Debug\GeometricPrimitive.obj
C:\Users\Jared\Documents\Visual Studio 2012\Projects\DirectXTK\Bin\Desktop_2012\Win32\Debug\Model.obj
C:\Users\Jared\Documents\Visual Studio 2012\Projects\DirectXTK\Bin\Desktop_2012\Win32\Debug\ModelLoadCMO.obj
C:\Users\Jared\Documents\Visual Studio 2012\Projects\DirectXTK\Bin\Desktop_2012\Win32\Debug\ModelLoadSDKMESH.obj
C:\Users\Jared\Documents\Visual Studio 2012\Projects\DirectXTK\Bin\Desktop_2012\Win32\Debug\pch.obj
C:\Users\Jared\Documents\Visual Studio 2012\Projects\DirectXTK\Bin\Desktop_2012\Win32\Debug\PrimitiveBatch.obj
C:\Users\Jared\Documents\Visual Studio 2012\Projects\DirectXTK\Bin\Desktop_2012\Win32\Debug\ScreenGrab.obj
C:\Users\Jared\Documents\Visual Studio 2012\Projects\DirectXTK\Bin\Desktop_2012\Win32\Debug\SkinnedEffect.obj
C:\Users\Jared\Documents\Visual Studio 2012\Projects\DirectXTK\Bin\Desktop_2012\Win32\Debug\SpriteBatch.obj
C:\Users\Jared\Documents\Visual Studio 2012\Projects\DirectXTK\Bin\Desktop_2012\Win32\Debug\SpriteFont.obj
C:\Users\Jared\Documents\Visual Studio 2012\Projects\DirectXTK\Bin\Desktop_2012\Win32\Debug\VertexTypes.obj
C:\Users\Jared\Documents\Visual Studio 2012\Projects\DirectXTK\Bin\Desktop_2012\Win32\Debug\WICTextureLoader.obj
C:\Users\Jared\Documents\Visual Studio 2012\Projects\DirectXTK\Bin\Desktop_2012\Win32\Debug\cl.command.1.tlog
C:\Users\Jared\Documents\Visual Studio 2012\Projects\DirectXTK\Bin\Desktop_2012\Win32\Debug\CL.read.1.tlog
C:\Users\Jared\Documents\Visual Studio 2012\Projects\DirectXTK\Bin\Desktop_2012\Win32\Debug\CL.write.1.tlog
C:\Users\Jared\Documents\Visual Studio 2012\Projects\DirectXTK\Bin\Desktop_2012\Win32\Debug\Lib-link.read.1.tlog
C:\Users\Jared\Documents\Visual Studio 2012\Projects\DirectXTK\Bin\Desktop_2012\Win32\Debug\Lib-link.write.1.tlog
C:\Users\Jared\Documents\Visual Studio 2012\Projects\DirectXTK\Bin\Desktop_2012\Win32\Debug\lib.command.1.tlog
C:\Users\Jared\Documents\Visual Studio 2012\Projects\DirectXTK\Bin\Desktop_2012\Win32\Debug\DirectXTK_Debug.pch
C:\Users\Jared\Documents\Visual Studio 2012\Projects\DirectXTK\Bin\Desktop_2012\Win32\Debug\DirectXTK_Debug.idb
C:\Users\Jared\Documents\Visual Studio 2012\Projects\DirectXTK\Bin\Desktop_2012\Win32\Debug\directxtk_debug.pdb
C:\Users\Jared\Documents\Visual Studio 2012\Projects\DirectXTK\Bin\Desktop_2012\Win32\Debug\DirectXTK_Debug.lib
