C:\USERS\JARED\DOCUMENTS\VISUAL STUDIO 2012\PROJECTS\DIRECTXTK\BIN\DESKTOP_2012\WIN32\RELEASE\DIRECTXTK.PCH
C:\USERS\JARED\DOCUMENTS\VISUAL STUDIO 2012\PROJECTS\DIRECTXTK\BIN\DESKTOP_2012\WIN32\RELEASE\PCH.OBJ
C:\USERS\JARED\DOCUMENTS\VISUAL STUDIO 2012\PROJECTS\DIRECTXTK\BIN\DESKTOP_2012\WIN32\RELEASE\DIRECTXTK.PDB
C:\USERS\JARED\DOCUMENTS\VISUAL STUDIO 2012\PROJECTS\DIRECTXTK\BIN\DESKTOP_2012\WIN32\RELEASE\WICTEXTURELOADER.OBJ
C:\USERS\JARED\DOCUMENTS\VISUAL STUDIO 2012\PROJECTS\DIRECTXTK\BIN\DESKTOP_2012\WIN32\RELEASE\VERTEXTYPES.OBJ
C:\USERS\JARED\DOCUMENTS\VISUAL STUDIO 2012\PROJECTS\DIRECTXTK\BIN\DESKTOP_2012\WIN32\RELEASE\SPRITEFONT.OBJ
C:\USERS\JARED\DOCUMENTS\VISUAL STUDIO 2012\PROJECTS\DIRECTXTK\BIN\DESKTOP_2012\WIN32\RELEASE\PRIMITIVEBATCH.OBJ
C:\USERS\JARED\DOCUMENTS\VISUAL STUDIO 2012\PROJECTS\DIRECTXTK\BIN\DESKTOP_2012\WIN32\RELEASE\SPRITEBATCH.OBJ
C:\USERS\JARED\DOCUMENTS\VISUAL STUDIO 2012\PROJECTS\DIRECTXTK\BIN\DESKTOP_2012\WIN32\RELEASE\SKINNEDEFFECT.OBJ
C:\USERS\JARED\DOCUMENTS\VISUAL STUDIO 2012\PROJECTS\DIRECTXTK\BIN\DESKTOP_2012\WIN32\RELEASE\SCREENGRAB.OBJ
C:\USERS\JARED\DOCUMENTS\VISUAL STUDIO 2012\PROJECTS\DIRECTXTK\BIN\DESKTOP_2012\WIN32\RELEASE\MODELLOADSDKMESH.OBJ
C:\USERS\JARED\DOCUMENTS\VISUAL STUDIO 2012\PROJECTS\DIRECTXTK\BIN\DESKTOP_2012\WIN32\RELEASE\MODELLOADCMO.OBJ
C:\USERS\JARED\DOCUMENTS\VISUAL STUDIO 2012\PROJECTS\DIRECTXTK\BIN\DESKTOP_2012\WIN32\RELEASE\MODEL.OBJ
C:\USERS\JARED\DOCUMENTS\VISUAL STUDIO 2012\PROJECTS\DIRECTXTK\BIN\DESKTOP_2012\WIN32\RELEASE\GEOMETRICPRIMITIVE.OBJ
C:\USERS\JARED\DOCUMENTS\VISUAL STUDIO 2012\PROJECTS\DIRECTXTK\BIN\DESKTOP_2012\WIN32\RELEASE\ENVIRONMENTMAPEFFECT.OBJ
C:\USERS\JARED\DOCUMENTS\VISUAL STUDIO 2012\PROJECTS\DIRECTXTK\BIN\DESKTOP_2012\WIN32\RELEASE\EFFECTFACTORY.OBJ
C:\USERS\JARED\DOCUMENTS\VISUAL STUDIO 2012\PROJECTS\DIRECTXTK\BIN\DESKTOP_2012\WIN32\RELEASE\EFFECTCOMMON.OBJ
C:\USERS\JARED\DOCUMENTS\VISUAL STUDIO 2012\PROJECTS\DIRECTXTK\BIN\DESKTOP_2012\WIN32\RELEASE\BINARYREADER.OBJ
C:\USERS\JARED\DOCUMENTS\VISUAL STUDIO 2012\PROJECTS\DIRECTXTK\BIN\DESKTOP_2012\WIN32\RELEASE\DUALTEXTUREEFFECT.OBJ
C:\USERS\JARED\DOCUMENTS\VISUAL STUDIO 2012\PROJECTS\DIRECTXTK\BIN\DESKTOP_2012\WIN32\RELEASE\DDSTEXTURELOADER.OBJ
C:\USERS\JARED\DOCUMENTS\VISUAL STUDIO 2012\PROJECTS\DIRECTXTK\BIN\DESKTOP_2012\WIN32\RELEASE\COMMONSTATES.OBJ
C:\USERS\JARED\DOCUMENTS\VISUAL STUDIO 2012\PROJECTS\DIRECTXTK\BIN\DESKTOP_2012\WIN32\RELEASE\BASICEFFECT.OBJ
C:\USERS\JARED\DOCUMENTS\VISUAL STUDIO 2012\PROJECTS\DIRECTXTK\BIN\DESKTOP_2012\WIN32\RELEASE\ALPHATESTEFFECT.OBJ
C:\USERS\JARED\DOCUMENTS\VISUAL STUDIO 2012\PROJECTS\DIRECTXTK\BIN\DESKTOP_2012\WIN32\RELEASE\DIRECTXTK.LIB
C:\Users\Jared\Documents\Visual Studio 2012\Projects\DirectXTK\Bin\Desktop_2012\Win32\Release\AlphaTestEffect.obj
C:\Users\Jared\Documents\Visual Studio 2012\Projects\DirectXTK\Bin\Desktop_2012\Win32\Release\BasicEffect.obj
C:\Users\Jared\Documents\Visual Studio 2012\Projects\DirectXTK\Bin\Desktop_2012\Win32\Release\BinaryReader.obj
C:\Users\Jared\Documents\Visual Studio 2012\Projects\DirectXTK\Bin\Desktop_2012\Win32\Release\CommonStates.obj
C:\Users\Jared\Documents\Visual Studio 2012\Projects\DirectXTK\Bin\Desktop_2012\Win32\Release\DDSTextureLoader.obj
C:\Users\Jared\Documents\Visual Studio 2012\Projects\DirectXTK\Bin\Desktop_2012\Win32\Release\DualTextureEffect.obj
C:\Users\Jared\Documents\Visual Studio 2012\Projects\DirectXTK\Bin\Desktop_2012\Win32\Release\EffectCommon.obj
C:\Users\Jared\Documents\Visual Studio 2012\Projects\DirectXTK\Bin\Desktop_2012\Win32\Release\EffectFactory.obj
C:\Users\Jared\Documents\Visual Studio 2012\Projects\DirectXTK\Bin\Desktop_2012\Win32\Release\EnvironmentMapEffect.obj
C:\Users\Jared\Documents\Visual Studio 2012\Projects\DirectXTK\Bin\Desktop_2012\Win32\Release\GeometricPrimitive.obj
C:\Users\Jared\Documents\Visual Studio 2012\Projects\DirectXTK\Bin\Desktop_2012\Win32\Release\Model.obj
C:\Users\Jared\Documents\Visual Studio 2012\Projects\DirectXTK\Bin\Desktop_2012\Win32\Release\ModelLoadCMO.obj
C:\Users\Jared\Documents\Visual Studio 2012\Projects\DirectXTK\Bin\Desktop_2012\Win32\Release\ModelLoadSDKMESH.obj
C:\Users\Jared\Documents\Visual Studio 2012\Projects\DirectXTK\Bin\Desktop_2012\Win32\Release\pch.obj
C:\Users\Jared\Documents\Visual Studio 2012\Projects\DirectXTK\Bin\Desktop_2012\Win32\Release\PrimitiveBatch.obj
C:\Users\Jared\Documents\Visual Studio 2012\Projects\DirectXTK\Bin\Desktop_2012\Win32\Release\ScreenGrab.obj
C:\Users\Jared\Documents\Visual Studio 2012\Projects\DirectXTK\Bin\Desktop_2012\Win32\Release\SkinnedEffect.obj
C:\Users\Jared\Documents\Visual Studio 2012\Projects\DirectXTK\Bin\Desktop_2012\Win32\Release\SpriteBatch.obj
C:\Users\Jared\Documents\Visual Studio 2012\Projects\DirectXTK\Bin\Desktop_2012\Win32\Release\SpriteFont.obj
C:\Users\Jared\Documents\Visual Studio 2012\Projects\DirectXTK\Bin\Desktop_2012\Win32\Release\VertexTypes.obj
C:\Users\Jared\Documents\Visual Studio 2012\Projects\DirectXTK\Bin\Desktop_2012\Win32\Release\WICTextureLoader.obj
C:\Users\Jared\Documents\Visual Studio 2012\Projects\DirectXTK\Bin\Desktop_2012\Win32\Release\cl.command.1.tlog
C:\Users\Jared\Documents\Visual Studio 2012\Projects\DirectXTK\Bin\Desktop_2012\Win32\Release\CL.read.1.tlog
C:\Users\Jared\Documents\Visual Studio 2012\Projects\DirectXTK\Bin\Desktop_2012\Win32\Release\CL.write.1.tlog
C:\Users\Jared\Documents\Visual Studio 2012\Projects\DirectXTK\Bin\Desktop_2012\Win32\Release\Lib-link.read.1.tlog
C:\Users\Jared\Documents\Visual Studio 2012\Projects\DirectXTK\Bin\Desktop_2012\Win32\Release\Lib-link.write.1.tlog
C:\Users\Jared\Documents\Visual Studio 2012\Projects\DirectXTK\Bin\Desktop_2012\Win32\Release\lib.command.1.tlog
C:\Users\Jared\Documents\Visual Studio 2012\Projects\DirectXTK\Bin\Desktop_2012\Win32\Release\DirectXTK.pch
C:\Users\Jared\Documents\Visual Studio 2012\Projects\DirectXTK\Bin\Desktop_2012\Win32\Release\directxtk.pdb
C:\Users\Jared\Documents\Visual Studio 2012\Projects\DirectXTK\Bin\Desktop_2012\Win32\Release\DirectXTK.lib
